TeamCode/build/intermediates/manifest_merge_blame_file/debug/manifest-merger-blame-debug-report.txt
1<?xml version="1.0" encoding="utf-8"?>
2<!--
3 Note: the actual manifest file used in your APK merges this file with contributions
4     from the modules on which your app depends (such as FtcRobotController, etc).
5     So it won't ultimately be as empty as it might here appear to be :-)
6-->
7<!-- The package name here determines the package for your R class and your BuildConfig class -->
8<manifest xmlns:android="http://schemas.android.com/apk/res/android"
9    package="com.qualcomm.ftcrobotcontroller"
10    android:versionCode="31"
11    android:versionName="4.3" >
12
13    <uses-sdk
14        android:minSdkVersion="19"
14-->src/main/AndroidManifest.xml
15        android:targetSdkVersion="19" />
15-->src/main/AndroidManifest.xml
16
17    <uses-permission android:name="android.permission.RECEIVE_BOOT_COMPLETED" />
17-->[:FtcRobotController] AndroidManifest.xml:12:5-81
17-->[:FtcRobotController] AndroidManifest.xml:12:22-78
18    <uses-permission
18-->[:RobotCore-release:] AndroidManifest.xml:11:5-13:35
19        android:name="android.permission.ACCESS_WIFI_STATE"
19-->[:RobotCore-release:] AndroidManifest.xml:12:9-60
20        android:required="true" />
20-->[:RobotCore-release:] AndroidManifest.xml:13:9-32
21    <uses-permission
21-->[:RobotCore-release:] AndroidManifest.xml:14:5-16:35
22        android:name="android.permission.CHANGE_WIFI_STATE"
22-->[:RobotCore-release:] AndroidManifest.xml:15:9-60
23        android:required="true" />
23-->[:RobotCore-release:] AndroidManifest.xml:16:9-32
24    <uses-permission android:name="android.permission.BLUETOOTH" />
24-->[:RobotCore-release:] AndroidManifest.xml:17:5-68
24-->[:RobotCore-release:] AndroidManifest.xml:17:22-65
25    <uses-permission
25-->[:RobotCore-release:] AndroidManifest.xml:18:5-20:35
26        android:name="android.permission.ACCESS_NETWORK_STATE"
26-->[:RobotCore-release:] AndroidManifest.xml:19:9-63
27        android:required="true" />
27-->[:RobotCore-release:] AndroidManifest.xml:20:9-32
28    <uses-permission
28-->[:RobotCore-release:] AndroidManifest.xml:21:5-23:35
29        android:name="android.permission.CHANGE_NETWORK_STATE"
29-->[:RobotCore-release:] AndroidManifest.xml:22:9-63
30        android:required="true" />
30-->[:RobotCore-release:] AndroidManifest.xml:23:9-32
31    <uses-permission
31-->[:RobotCore-release:] AndroidManifest.xml:24:5-26:35
32        android:name="android.permission.INTERNET"
32-->[:RobotCore-release:] AndroidManifest.xml:25:9-51
33        android:required="true" />
33-->[:RobotCore-release:] AndroidManifest.xml:26:9-32
34    <uses-permission
34-->[:RobotCore-release:] AndroidManifest.xml:27:5-29:35
35        android:name="android.permission.WRITE_EXTERNAL_STORAGE"
35-->[:RobotCore-release:] AndroidManifest.xml:28:9-65
36        android:required="true" />
36-->[:RobotCore-release:] AndroidManifest.xml:29:9-32
37    <uses-permission
37-->[:RobotCore-release:] AndroidManifest.xml:30:5-32:35
38        android:name="android.permission.READ_EXTERNAL_STORAGE"
38-->[:RobotCore-release:] AndroidManifest.xml:31:9-64
39        android:required="true" />
39-->[:RobotCore-release:] AndroidManifest.xml:32:9-32
40    <uses-permission
40-->[:RobotCore-release:] AndroidManifest.xml:33:5-35:35
41        android:name="android.permission.WRITE_SETTINGS"
41-->[:RobotCore-release:] AndroidManifest.xml:34:9-57
42        android:required="true" />
42-->[:RobotCore-release:] AndroidManifest.xml:35:9-32
43    <!--
44       "Allows applications to access serial ports via the SerialManager.". So, uncertain we need,
45       as we don't use the SerialManager.
46    -->
47    <uses-permission
47-->[:RobotCore-release:] AndroidManifest.xml:41:5-43:35
48        android:name="android.permission.SERIAL_PORT"
48-->[:RobotCore-release:] AndroidManifest.xml:42:9-54
49        android:required="true" /> <!-- see AppUtil.setTimeZone() -->
49-->[:RobotCore-release:] AndroidManifest.xml:43:9-32
50    <uses-permission
50-->[:RobotCore-release:] AndroidManifest.xml:46:5-48:35
51        android:name="android.permission.SET_TIME_ZONE"
51-->[:RobotCore-release:] AndroidManifest.xml:47:9-56
52        android:required="true" />
52-->[:RobotCore-release:] AndroidManifest.xml:48:9-32
53    <!--
54  Note: we suspect that this (android.permission.WAKE_LOCK) is no
55  longer needed, but haven't yet found the time necessary to verify
56  that assertion before removing it
57    -->
58    <uses-permission
58-->[:RobotCore-release:] AndroidManifest.xml:55:5-57:35
59        android:name="android.permission.WAKE_LOCK"
59-->[:RobotCore-release:] AndroidManifest.xml:56:9-52
60        android:required="true" />
60-->[:RobotCore-release:] AndroidManifest.xml:57:9-32
61    <uses-permission android:name="android.permission.CAMERA" />
61-->[:RobotCore-release:] AndroidManifest.xml:58:5-65
61-->[:RobotCore-release:] AndroidManifest.xml:58:22-62
62    <uses-permission android:name="android.permission.ACCESS_COARSE_LOCATION" />
62-->[:RobotCore-release:] AndroidManifest.xml:59:5-81
62-->[:RobotCore-release:] AndroidManifest.xml:59:22-78
63
64    <uses-feature android:name="android.hardware.usb.accessory" />
64-->[:RobotCore-release:] AndroidManifest.xml:61:5-67
64-->[:RobotCore-release:] AndroidManifest.xml:61:19-64
65    <uses-feature android:glEsVersion="0x00020000" />
65-->[:RobotCore-release:] AndroidManifest.xml:62:5-54
65-->[:RobotCore-release:] AndroidManifest.xml:62:19-51
66    <!--
67        NOTE: Any application that requests the CAMERA permission but does not
68        declare any camera features with the <uses-feature> element will be
69        assumed to use all camera features (auto-focus and flash). Thus, the
70        application will not be compatible with devices that do not support
71        all camera features. We use <uses-feature> to declare only the
72        camera features that our application does need. For instance, if you
73        request the CAMERA permission, but you do not need auto-focus or
74        flash, then declare only the android.hardware.camera feature. The
75        other camera features that you do not request will no longer be
76        assumed as required.
77    -->
78    <uses-feature android:name="android.hardware.camera" />
78-->[:RobotCore-release:] AndroidManifest.xml:76:5-60
78-->[:RobotCore-release:] AndroidManifest.xml:76:19-57
79
80    <uses-permission android:name="android.permission.READ_PHONE_STATE" />
81    <uses-permission android:name="android.permission.BLUETOOTH_ADMIN" />
81-->[:Inspection-release:] AndroidManifest.xml:12:5-74
81-->[:Inspection-release:] AndroidManifest.xml:12:22-71
82
83    <application
83-->src/main/AndroidManifest.xml:11:5-19
84        android:name="org.firstinspires.ftc.robotcore.internal.system.RobotApplication"
84-->[:RobotCore-release:] AndroidManifest.xml:78:18-97
85        android:allowBackup="true"
85-->[:FtcRobotController] AndroidManifest.xml:15:9-35
86        android:debuggable="true"
87        android:icon="@drawable/ic_launcher"
87-->[:FtcRobotController] AndroidManifest.xml:16:9-45
88        android:label="@string/app_name"
88-->[:FtcRobotController] AndroidManifest.xml:17:9-41
89        android:largeHeap="true"
89-->[:FtcRobotController] AndroidManifest.xml:18:9-33
90        android:testOnly="true"
91        android:theme="@style/AppThemeRedRC" > <!-- The main robot controller activity -->
91-->[:FtcRobotController] AndroidManifest.xml:19:9-45
92        <activity
92-->[:FtcRobotController] AndroidManifest.xml:22:9-43:20
93            android:name="org.firstinspires.ftc.robotcontroller.internal.FtcRobotControllerActivity"
93-->[:FtcRobotController] AndroidManifest.xml:23:13-101
94            android:configChanges="orientation|screenSize"
94-->[:FtcRobotController] AndroidManifest.xml:24:13-59
95            android:label="@string/app_name"
95-->[:FtcRobotController] AndroidManifest.xml:25:13-45
96            android:launchMode="singleTask"
96-->[:FtcRobotController] AndroidManifest.xml:26:13-44
97            android:screenOrientation="fullUser" >
97-->[:FtcRobotController] AndroidManifest.xml:27:13-49
98            <intent-filter>
98-->[:FtcRobotController] AndroidManifest.xml:28:13-32:29
99                <category android:name="android.intent.category.LAUNCHER" />
99-->[:FtcRobotController] AndroidManifest.xml:29:17-77
99-->[:FtcRobotController] AndroidManifest.xml:29:27-74
100
101                <action android:name="android.intent.action.MAIN" />
101-->[:FtcRobotController] AndroidManifest.xml:31:17-69
101-->[:FtcRobotController] AndroidManifest.xml:31:25-66
102            </intent-filter>
103            <intent-filter>
103-->[:FtcRobotController] AndroidManifest.xml:33:13-35:29
104                <action android:name="android.hardware.usb.action.USB_DEVICE_ATTACHED" />
104-->[:FtcRobotController] AndroidManifest.xml:34:17-90
104-->[:FtcRobotController] AndroidManifest.xml:34:25-87
105            </intent-filter>
106
107            <meta-data
107-->[:FtcRobotController] AndroidManifest.xml:37:13-39:57
108                android:name="android.hardware.usb.action.USB_DEVICE_ATTACHED"
108-->[:FtcRobotController] AndroidManifest.xml:38:17-79
109                android:resource="@xml/device_filter" />
109-->[:FtcRobotController] AndroidManifest.xml:39:17-54
110            <meta-data
110-->[:FtcRobotController] AndroidManifest.xml:40:13-42:40
111                android:name="org.firstinspires.main.entry"
111-->[:FtcRobotController] AndroidManifest.xml:41:17-60
112                android:value="true" />
112-->[:FtcRobotController] AndroidManifest.xml:42:17-37
113        </activity> <!-- The robot controller service in which most of the robot functionality is managed -->
114        <service
114-->[:FtcRobotController] AndroidManifest.xml:46:9-48:38
115            android:name="com.qualcomm.ftccommon.FtcRobotControllerService"
115-->[:FtcRobotController] AndroidManifest.xml:47:13-76
116            android:enabled="true" /> <!-- Service that keeps desktop folders up to date with respect to actual phone file system contents -->
116-->[:FtcRobotController] AndroidManifest.xml:48:13-35
117        <service
117-->[:RobotCore-release:] AndroidManifest.xml:81:9-83:38
118            android:name="org.firstinspires.ftc.robotcore.internal.files.MediaTransferProtocolMonitorService"
118-->[:RobotCore-release:] AndroidManifest.xml:82:13-110
119            android:enabled="true" />
119-->[:RobotCore-release:] AndroidManifest.xml:83:13-35
120
121        <meta-data
121-->[:RobotCore-release:] AndroidManifest.xml:85:9-87:41
122            android:name="autoStartService.org.firstinspires.ftc.robotcore.internal.files.MediaTransferProtocolMonitorService"
122-->[:RobotCore-release:] AndroidManifest.xml:86:13-127
123            android:value="BOTH|1000" /> <!-- Service that provides build services for OnBotJava -->
123-->[:RobotCore-release:] AndroidManifest.xml:87:13-38
124        <service
124-->[:RobotCore-release:] AndroidManifest.xml:90:9-92:38
125            android:name="org.firstinspires.ftc.robotcore.internal.opmode.OnBotJavaService"
125-->[:RobotCore-release:] AndroidManifest.xml:91:13-92
126            android:enabled="true" />
126-->[:RobotCore-release:] AndroidManifest.xml:92:13-35
127
128        <meta-data
128-->[:RobotCore-release:] AndroidManifest.xml:94:9-96:39
129            android:name="autoStartService.org.firstinspires.ftc.robotcore.internal.opmode.OnBotJavaService"
129-->[:RobotCore-release:] AndroidManifest.xml:95:13-109
130            android:value="RC|2000" />
130-->[:RobotCore-release:] AndroidManifest.xml:96:13-36
131
132        <activity
132-->[:FtcCommon-release:] AndroidManifest.xml:26:9-30:20
133            android:name="com.qualcomm.ftccommon.FtcRobotControllerSettingsActivity"
133-->[:FtcCommon-release:] AndroidManifest.xml:27:13-85
134            android:exported="true"
134-->[:FtcCommon-release:] AndroidManifest.xml:28:13-36
135            android:label="@string/settings_activity" >
135-->[:FtcCommon-release:] AndroidManifest.xml:29:13-54
136        </activity>
137        <activity
137-->[:FtcCommon-release:] AndroidManifest.xml:31:9-36:20
138            android:name="com.qualcomm.ftccommon.configuration.FtcLoadFileActivity"
138-->[:FtcCommon-release:] AndroidManifest.xml:32:13-84
139            android:configChanges="orientation|screenSize"
139-->[:FtcCommon-release:] AndroidManifest.xml:33:13-59
140            android:exported="true"
140-->[:FtcCommon-release:] AndroidManifest.xml:34:13-36
141            android:label="@string/configure_activity" >
141-->[:FtcCommon-release:] AndroidManifest.xml:35:13-55
142        </activity>
143        <activity
143-->[:FtcCommon-release:] AndroidManifest.xml:37:9-42:20
144            android:name="com.qualcomm.ftccommon.configuration.ConfigureFromTemplateActivity"
144-->[:FtcCommon-release:] AndroidManifest.xml:38:13-94
145            android:configChanges="orientation|screenSize"
145-->[:FtcCommon-release:] AndroidManifest.xml:39:13-59
146            android:exported="true"
146-->[:FtcCommon-release:] AndroidManifest.xml:40:13-36
147            android:label="@string/title_activity_configfromtemplate" >
147-->[:FtcCommon-release:] AndroidManifest.xml:41:13-70
148        </activity>
149        <activity
149-->[:FtcCommon-release:] AndroidManifest.xml:43:9-48:20
150            android:name="com.qualcomm.ftccommon.ViewLogsActivity"
150-->[:FtcCommon-release:] AndroidManifest.xml:44:13-67
151            android:configChanges="orientation|screenSize"
151-->[:FtcCommon-release:] AndroidManifest.xml:45:13-59
152            android:exported="true"
152-->[:FtcCommon-release:] AndroidManifest.xml:46:13-36
153            android:label="@string/view_logs_activity" >
153-->[:FtcCommon-release:] AndroidManifest.xml:47:13-55
154        </activity>
155        <activity
155-->[:FtcCommon-release:] AndroidManifest.xml:49:9-53:20
156            android:name="com.qualcomm.ftccommon.configuration.FtcConfigurationActivity"
156-->[:FtcCommon-release:] AndroidManifest.xml:50:13-89
157            android:configChanges="orientation|screenSize"
157-->[:FtcCommon-release:] AndroidManifest.xml:51:13-59
158            android:label="@string/app_name" >
158-->[:FtcCommon-release:] AndroidManifest.xml:52:13-45
159        </activity>
160        <activity
160-->[:FtcCommon-release:] AndroidManifest.xml:54:9-58:20
161            android:name="com.qualcomm.ftccommon.configuration.FtcNewFileActivity"
161-->[:FtcCommon-release:] AndroidManifest.xml:55:13-83
162            android:configChanges="orientation|screenSize"
162-->[:FtcCommon-release:] AndroidManifest.xml:56:13-59
163            android:label="@string/app_name" >
163-->[:FtcCommon-release:] AndroidManifest.xml:57:13-45
164        </activity>
165        <activity
165-->[:FtcCommon-release:] AndroidManifest.xml:59:9-62:73
166            android:name="com.qualcomm.ftccommon.ConfigWifiDirectActivity"
166-->[:FtcCommon-release:] AndroidManifest.xml:60:13-75
167            android:exported="true"
167-->[:FtcCommon-release:] AndroidManifest.xml:61:13-36
168            android:label="@string/title_activity_config_wifi_direct" />
168-->[:FtcCommon-release:] AndroidManifest.xml:62:13-70
169        <activity
169-->[:FtcCommon-release:] AndroidManifest.xml:63:9-67:20
170            android:name="com.qualcomm.ftccommon.FtcAdvancedRCSettingsActivity"
170-->[:FtcCommon-release:] AndroidManifest.xml:64:13-80
171            android:exported="true"
171-->[:FtcCommon-release:] AndroidManifest.xml:65:13-36
172            android:label="@string/titleAdvancedRCSettings" >
172-->[:FtcCommon-release:] AndroidManifest.xml:66:13-60
173        </activity>
174        <activity
174-->[:FtcCommon-release:] AndroidManifest.xml:68:9-71:20
175            android:name="com.qualcomm.ftccommon.FtcLynxFirmwareUpdateActivity"
175-->[:FtcCommon-release:] AndroidManifest.xml:69:13-80
176            android:exported="true" >
176-->[:FtcCommon-release:] AndroidManifest.xml:70:13-36
177        </activity>
178        <activity
178-->[:FtcCommon-release:] AndroidManifest.xml:72:9-75:20
179            android:name="com.qualcomm.ftccommon.FtcLynxModuleAddressUpdateActivity"
179-->[:FtcCommon-release:] AndroidManifest.xml:73:13-85
180            android:exported="true" >
180-->[:FtcCommon-release:] AndroidManifest.xml:74:13-36
181        </activity>
182        <activity
182-->[:FtcCommon-release:] AndroidManifest.xml:76:9-80:20
183            android:name="com.qualcomm.ftccommon.FtcWifiDirectChannelSelectorActivity"
183-->[:FtcCommon-release:] AndroidManifest.xml:77:13-87
184            android:exported="true"
184-->[:FtcCommon-release:] AndroidManifest.xml:78:13-36
185            android:label="@string/title_activity_wifi_channel_selector" >
185-->[:FtcCommon-release:] AndroidManifest.xml:79:13-73
186        </activity>
187        <activity
187-->[:FtcCommon-release:] AndroidManifest.xml:81:9-85:20
188            android:name="com.qualcomm.ftccommon.FtcWifiDirectRememberedGroupsActivity"
188-->[:FtcCommon-release:] AndroidManifest.xml:82:13-88
189            android:exported="true"
189-->[:FtcCommon-release:] AndroidManifest.xml:83:13-36
190            android:label="@string/title_activity_wifi_remembered_groups_editor" >
190-->[:FtcCommon-release:] AndroidManifest.xml:84:13-81
191        </activity>
192        <activity
192-->[:FtcCommon-release:] AndroidManifest.xml:86:9-89:20
193            android:name="com.qualcomm.ftccommon.AboutActivity"
193-->[:FtcCommon-release:] AndroidManifest.xml:87:13-64
194            android:label="@string/about_activity" >
194-->[:FtcCommon-release:] AndroidManifest.xml:88:13-51
195        </activity>
196        <activity
196-->[:FtcCommon-release:] AndroidManifest.xml:90:9-93:20
197            android:name="com.qualcomm.ftccommon.FtcAboutActivity"
197-->[:FtcCommon-release:] AndroidManifest.xml:91:13-67
198            android:label="@string/ftc_about_activity" >
198-->[:FtcCommon-release:] AndroidManifest.xml:92:13-55
199        </activity>
200        <activity
200-->[:FtcCommon-release:] AndroidManifest.xml:94:9-99:20
201            android:name="com.qualcomm.ftccommon.configuration.EditSwapUsbDevices"
201-->[:FtcCommon-release:] AndroidManifest.xml:95:13-83
202            android:configChanges="orientation|screenSize"
202-->[:FtcCommon-release:] AndroidManifest.xml:96:13-59
203            android:label="@string/edit_swap_devices_activity"
203-->[:FtcCommon-release:] AndroidManifest.xml:97:13-63
204            android:windowSoftInputMode="stateHidden" >
204-->[:FtcCommon-release:] AndroidManifest.xml:98:13-54
205        </activity>
206        <activity
206-->[:FtcCommon-release:] AndroidManifest.xml:100:9-105:20
207            android:name="com.qualcomm.ftccommon.configuration.EditMotorControllerActivity"
207-->[:FtcCommon-release:] AndroidManifest.xml:101:13-92
208            android:configChanges="orientation|screenSize"
208-->[:FtcCommon-release:] AndroidManifest.xml:102:13-59
209            android:label="@string/edit_motor_controller_activity"
209-->[:FtcCommon-release:] AndroidManifest.xml:103:13-67
210            android:windowSoftInputMode="stateHidden" >
210-->[:FtcCommon-release:] AndroidManifest.xml:104:13-54
211        </activity>
212        <activity
212-->[:FtcCommon-release:] AndroidManifest.xml:106:9-111:20
213            android:name="com.qualcomm.ftccommon.configuration.EditLegacyMotorControllerActivity"
213-->[:FtcCommon-release:] AndroidManifest.xml:107:13-98
214            android:configChanges="orientation|screenSize"
214-->[:FtcCommon-release:] AndroidManifest.xml:108:13-59
215            android:label="@string/edit_motor_controller_activity"
215-->[:FtcCommon-release:] AndroidManifest.xml:109:13-67
216            android:windowSoftInputMode="stateHidden" >
216-->[:FtcCommon-release:] AndroidManifest.xml:110:13-54
217        </activity>
218        <activity
218-->[:FtcCommon-release:] AndroidManifest.xml:112:9-117:20
219            android:name="com.qualcomm.ftccommon.configuration.EditMotorListActivity"
219-->[:FtcCommon-release:] AndroidManifest.xml:113:13-86
220            android:configChanges="orientation|screenSize"
220-->[:FtcCommon-release:] AndroidManifest.xml:114:13-59
221            android:label="@string/edit_motor_controller_activity"
221-->[:FtcCommon-release:] AndroidManifest.xml:115:13-67
222            android:windowSoftInputMode="stateHidden" >
222-->[:FtcCommon-release:] AndroidManifest.xml:116:13-54
223        </activity>
224        <activity
224-->[:FtcCommon-release:] AndroidManifest.xml:118:9-123:20
225            android:name="com.qualcomm.ftccommon.configuration.EditServoControllerActivity"
225-->[:FtcCommon-release:] AndroidManifest.xml:119:13-92
226            android:configChanges="orientation|screenSize"
226-->[:FtcCommon-release:] AndroidManifest.xml:120:13-59
227            android:label="@string/edit_servo_controller_activity"
227-->[:FtcCommon-release:] AndroidManifest.xml:121:13-67
228            android:windowSoftInputMode="stateHidden|adjustResize" >
228-->[:FtcCommon-release:] AndroidManifest.xml:122:13-67
229        </activity>
230        <activity
230-->[:FtcCommon-release:] AndroidManifest.xml:124:9-129:20
231            android:name="com.qualcomm.ftccommon.configuration.EditLegacyServoControllerActivity"
231-->[:FtcCommon-release:] AndroidManifest.xml:125:13-98
232            android:configChanges="orientation|screenSize"
232-->[:FtcCommon-release:] AndroidManifest.xml:126:13-59
233            android:label="@string/edit_servo_controller_activity"
233-->[:FtcCommon-release:] AndroidManifest.xml:127:13-67
234            android:windowSoftInputMode="stateHidden|adjustResize" >
234-->[:FtcCommon-release:] AndroidManifest.xml:128:13-67
235        </activity>
236        <activity
236-->[:FtcCommon-release:] AndroidManifest.xml:130:9-135:20
237            android:name="com.qualcomm.ftccommon.configuration.EditServoListActivity"
237-->[:FtcCommon-release:] AndroidManifest.xml:131:13-86
238            android:configChanges="orientation|screenSize"
238-->[:FtcCommon-release:] AndroidManifest.xml:132:13-59
239            android:label="@string/edit_servo_controller_activity"
239-->[:FtcCommon-release:] AndroidManifest.xml:133:13-67
240            android:windowSoftInputMode="stateHidden|adjustResize" >
240-->[:FtcCommon-release:] AndroidManifest.xml:134:13-67
241        </activity>
242        <activity
242-->[:FtcCommon-release:] AndroidManifest.xml:136:9-141:20
243            android:name="com.qualcomm.ftccommon.configuration.EditLegacyModuleControllerActivity"
243-->[:FtcCommon-release:] AndroidManifest.xml:137:13-99
244            android:configChanges="orientation|screenSize"
244-->[:FtcCommon-release:] AndroidManifest.xml:138:13-59
245            android:label="@string/edit_legacy_module_controller_activity"
245-->[:FtcCommon-release:] AndroidManifest.xml:139:13-75
246            android:windowSoftInputMode="stateHidden|adjustResize" >
246-->[:FtcCommon-release:] AndroidManifest.xml:140:13-67
247        </activity>
248        <activity
248-->[:FtcCommon-release:] AndroidManifest.xml:142:9-147:20
249            android:name="com.qualcomm.ftccommon.configuration.EditMatrixControllerActivity"
249-->[:FtcCommon-release:] AndroidManifest.xml:143:13-93
250            android:configChanges="orientation|screenSize"
250-->[:FtcCommon-release:] AndroidManifest.xml:144:13-59
251            android:label="@string/edit_matrix_controller_activity"
251-->[:FtcCommon-release:] AndroidManifest.xml:145:13-68
252            android:windowSoftInputMode="stateHidden|adjustResize" >
252-->[:FtcCommon-release:] AndroidManifest.xml:146:13-67
253        </activity>
254        <activity
254-->[:FtcCommon-release:] AndroidManifest.xml:148:9-153:20
255            android:name="com.qualcomm.ftccommon.configuration.EditDeviceInterfaceModuleActivity"
255-->[:FtcCommon-release:] AndroidManifest.xml:149:13-98
256            android:configChanges="orientation|screenSize"
256-->[:FtcCommon-release:] AndroidManifest.xml:150:13-59
257            android:label="@string/edit_core_device_interface_module_controller_activity"
257-->[:FtcCommon-release:] AndroidManifest.xml:151:13-90
258            android:windowSoftInputMode="stateHidden|adjustResize" >
258-->[:FtcCommon-release:] AndroidManifest.xml:152:13-67
259        </activity>
260        <activity
260-->[:FtcCommon-release:] AndroidManifest.xml:154:9-159:20
261            android:name="com.qualcomm.ftccommon.configuration.EditLynxModuleActivity"
261-->[:FtcCommon-release:] AndroidManifest.xml:155:13-87
262            android:configChanges="orientation|screenSize"
262-->[:FtcCommon-release:] AndroidManifest.xml:156:13-59
263            android:label="@string/edit_lynx_module_controller_activity"
263-->[:FtcCommon-release:] AndroidManifest.xml:157:13-73
264            android:windowSoftInputMode="stateHidden|adjustResize" >
264-->[:FtcCommon-release:] AndroidManifest.xml:158:13-67
265        </activity>
266        <activity
266-->[:FtcCommon-release:] AndroidManifest.xml:160:9-165:20
267            android:name="com.qualcomm.ftccommon.configuration.EditLynxUsbDeviceActivity"
267-->[:FtcCommon-release:] AndroidManifest.xml:161:13-90
268            android:configChanges="orientation|screenSize"
268-->[:FtcCommon-release:] AndroidManifest.xml:162:13-59
269            android:label="@string/edit_lynx_usb_device_activity"
269-->[:FtcCommon-release:] AndroidManifest.xml:163:13-66
270            android:windowSoftInputMode="stateHidden|adjustResize" >
270-->[:FtcCommon-release:] AndroidManifest.xml:164:13-67
271        </activity>
272        <activity
272-->[:FtcCommon-release:] AndroidManifest.xml:166:9-171:20
273            android:name="com.qualcomm.ftccommon.configuration.EditWebcamActivity"
273-->[:FtcCommon-release:] AndroidManifest.xml:167:13-83
274            android:configChanges="orientation|screenSize"
274-->[:FtcCommon-release:] AndroidManifest.xml:168:13-59
275            android:label="@string/edit_webcam_activity"
275-->[:FtcCommon-release:] AndroidManifest.xml:169:13-57
276            android:windowSoftInputMode="stateHidden|adjustResize" >
276-->[:FtcCommon-release:] AndroidManifest.xml:170:13-67
277        </activity>
278        <activity
278-->[:FtcCommon-release:] AndroidManifest.xml:172:9-177:20
279            android:name="com.qualcomm.ftccommon.configuration.EditPWMDevicesActivity"
279-->[:FtcCommon-release:] AndroidManifest.xml:173:13-87
280            android:configChanges="orientation|screenSize"
280-->[:FtcCommon-release:] AndroidManifest.xml:174:13-59
281            android:label="@string/edit_pwm_devices_activity"
281-->[:FtcCommon-release:] AndroidManifest.xml:175:13-62
282            android:windowSoftInputMode="stateHidden|adjustResize" >
282-->[:FtcCommon-release:] AndroidManifest.xml:176:13-67
283        </activity>
284        <activity
284-->[:FtcCommon-release:] AndroidManifest.xml:178:9-183:20
285            android:name="com.qualcomm.ftccommon.configuration.EditAnalogInputDevicesActivity"
285-->[:FtcCommon-release:] AndroidManifest.xml:179:13-95
286            android:configChanges="orientation|screenSize"
286-->[:FtcCommon-release:] AndroidManifest.xml:180:13-59
287            android:label="@string/edit_analog_input_devices_activity"
287-->[:FtcCommon-release:] AndroidManifest.xml:181:13-71
288            android:windowSoftInputMode="stateHidden|adjustResize" >
288-->[:FtcCommon-release:] AndroidManifest.xml:182:13-67
289        </activity>
290        <activity
290-->[:FtcCommon-release:] AndroidManifest.xml:184:9-189:20
291            android:name="com.qualcomm.ftccommon.configuration.EditDigitalDevicesActivity"
291-->[:FtcCommon-release:] AndroidManifest.xml:185:13-91
292            android:configChanges="orientation|screenSize"
292-->[:FtcCommon-release:] AndroidManifest.xml:186:13-59
293            android:label="@string/edit_digital_devices_activity"
293-->[:FtcCommon-release:] AndroidManifest.xml:187:13-66
294            android:windowSoftInputMode="stateHidden|adjustResize" >
294-->[:FtcCommon-release:] AndroidManifest.xml:188:13-67
295        </activity>
296        <activity
296-->[:FtcCommon-release:] AndroidManifest.xml:190:9-195:20
297            android:name="com.qualcomm.ftccommon.configuration.EditDigitalDevicesActivityLynx"
297-->[:FtcCommon-release:] AndroidManifest.xml:191:13-95
298            android:configChanges="orientation|screenSize"
298-->[:FtcCommon-release:] AndroidManifest.xml:192:13-59
299            android:label="@string/edit_digital_devices_activity_lynx"
299-->[:FtcCommon-release:] AndroidManifest.xml:193:13-71
300            android:windowSoftInputMode="stateHidden|adjustResize" >
300-->[:FtcCommon-release:] AndroidManifest.xml:194:13-67
301        </activity>
302        <activity
302-->[:FtcCommon-release:] AndroidManifest.xml:196:9-201:20
303            android:name="com.qualcomm.ftccommon.configuration.EditI2cDevicesActivity"
303-->[:FtcCommon-release:] AndroidManifest.xml:197:13-87
304            android:configChanges="orientation|screenSize"
304-->[:FtcCommon-release:] AndroidManifest.xml:198:13-59
305            android:label="@string/edit_i2c_devices_activity"
305-->[:FtcCommon-release:] AndroidManifest.xml:199:13-62
306            android:windowSoftInputMode="stateHidden|adjustResize" >
306-->[:FtcCommon-release:] AndroidManifest.xml:200:13-67
307        </activity>
308        <activity
308-->[:FtcCommon-release:] AndroidManifest.xml:202:9-207:20
309            android:name="com.qualcomm.ftccommon.configuration.EditI2cDevicesActivityLynx"
309-->[:FtcCommon-release:] AndroidManifest.xml:203:13-91
310            android:configChanges="orientation|screenSize"
310-->[:FtcCommon-release:] AndroidManifest.xml:204:13-59
311            android:label="@string/edit_i2c_devices_activity"
311-->[:FtcCommon-release:] AndroidManifest.xml:205:13-62
312            android:windowSoftInputMode="stateHidden|adjustResize" >
312-->[:FtcCommon-release:] AndroidManifest.xml:206:13-67
313        </activity>